Arguments: 
  C:\Program Files\nodejs\node.exe C:\Users\my\AppData\Roaming\npm\node_modules\yarn\bin\yarn.js install

PATH: 
  C:\Users\my\AppData\Local\Temp\yarn--1689422912171-0.7107622628710983;C:\Users\my\AppData\Local\Yarn\Data\global\node_modules\.bin;C:\Users\my\AppData\Local\Yarn\Data\link\node_modules\.bin;C:\Users\my\AppData\Local\Yarn\bin;C:\Program Files\libexec\lib\node_modules\npm\bin\node-gyp-bin;C:\Program Files\lib\node_modules\npm\bin\node-gyp-bin;C:\Program Files\nodejs\node_modules\npm\bin\node-gyp-bin;C:\Program Files\Common Files\Oracle\Java\javapath;C:\Program Files (x86)\NVIDIA Corporation\PhysX\Common;C:\Program Files (x86)\Common Files\Oracle\Java\javapath;C:\WINDOWS\system32;C:\WINDOWS;C:\WINDOWS\System32\Wbem;C:\WINDOWS\System32\WindowsPowerShell\v1.0\;C:\WINDOWS\System32\OpenSSH\;C:\Program Files\Git\cmd;C:\Program Files\Docker\Docker\resources\bin;C:\Program Files\nodejs\;C:\Program Files\php;C:\Program Files\Microsoft SQL Server\150\Tools\Binn\;C:\Program Files\Microsoft SQL Server\Client SDK\ODBC\170\Tools\Binn\;C:\Program Files\dotnet\;C:\Program Files\Gradle\gradle-8.1\bin;C:\Program Files\PostgreSQL\15\bin;C:\Program Files\MySQL\MySQL Shell 8.0\bin\;C:\Users\my\AppData\Local\Programs\Python\Python310\Scripts\;C:\Users\my\AppData\Local\Programs\Python\Python310\;C:\Users\my\AppData\Local\Microsoft\WindowsApps;C:\Users\my\AppData\Local\Programs\Microsoft VS Code\bin;C:\src\flutter\bin;C:\Users\my\AppData\Local\GitHubDesktop\bin;C:\Users\my\AppData\Roaming\npm;C:\Program Files\Java\jdk-17\bin;C:\Users\my\.dotnet\tools;C:\Program Files\Gradle\gradle-8.1\bin;C:\Program Files\PostgreSQL\15\bin;

Yarn version: 
  1.22.19

Node version: 
  18.14.1

Platform: 
  win32 x64

Trace: 
  Error: https://registry.yarnpkg.com/@expo/cli/-/cli-0.7.3.tgz: ESOCKETTIMEDOUT
      at ClientRequest.<anonymous> (C:\Users\my\AppData\Roaming\npm\node_modules\yarn\lib\cli.js:141517:19)
      at Object.onceWrapper (node:events:627:28)
      at ClientRequest.emit (node:events:513:28)
      at TLSSocket.emitRequestTimeout (node:_http_client:848:9)
      at Object.onceWrapper (node:events:627:28)
      at TLSSocket.emit (node:events:525:35)
      at Socket._onTimeout (node:net:570:8)
      at listOnTimeout (node:internal/timers:569:17)
      at process.processTimers (node:internal/timers:512:7)

npm manifest: 
  {
    "name": "prime",
    "version": "1.0.0",
    "main": "node_modules/expo/AppEntry.js",
    "scripts": {
      "start": "expo start",
      "android": "expo start --android",
      "ios": "expo start --ios",
      "web": "expo start --web"
    },
    "dependencies": {
      "expo": "~48.0.18",
      "expo-status-bar": "~1.4.4",
      "react": "18.2.0",
      "react-native": "0.71.8"
    },
    "devDependencies": {
      "@babel/core": "^7.20.0"
    },
    "private": true
  }

yarn manifest: 
  No manifest

Lockfile: 
  No lockfile
